<?xml version="1.0" encoding="UTF-8"?>
<!-- Generated by org.testng.reporters.JUnitReportReporter -->
<testsuite skipped="0" hostname="Sairam" name="classwork.profile.NewFirefoxProfile" tests="1" failures="0" timestamp="2021-01-14T22:52:17 IST" time="28.541" errors="0">
  <testcase name="launch" time="28.541" classname="classwork.profile.NewFirefoxProfile"/>
  <system-out/>
</testsuite> <!-- classwork.profile.NewFirefoxProfile -->
