<?xml version="1.0" encoding="UTF-8"?>
<!-- Generated by org.testng.reporters.JUnitReportReporter -->
<testsuite skipped="0" hostname="Sairam" name="classwork.db.AppSearch" tests="5" failures="0" timestamp="2021-01-09T08:43:37 IST" time="40.967" errors="0">
  <testcase name="searchDress" time="8.498" classname="classwork.db.AppSearch"/>
  <system-out/>
  <testcase name="searchDress" time="8.380" classname="classwork.db.AppSearch"/>
  <system-out/>
  <testcase name="searchDress" time="8.643" classname="classwork.db.AppSearch"/>
  <system-out/>
  <testcase name="searchDress" time="8.418" classname="classwork.db.AppSearch"/>
  <system-out/>
  <testcase name="close" time="7.028" classname="classwork.db.AppSearch"/>
  <system-out/>
</testsuite> <!-- classwork.db.AppSearch -->
