<?xml version="1.0" encoding="UTF-8"?>
<!-- Generated by org.testng.reporters.JUnitReportReporter -->
<testsuite skipped="0" hostname="Sairam" name="classwork.grid.GridDemo1" tests="6" failures="0" timestamp="2021-01-14T08:37:58 IST" time="49.248" errors="0">
  <testcase name="searchDress" time="7.896" classname="classwork.grid.GridDemo1"/>
  <system-out/>
  <testcase name="searchDress" time="8.746" classname="classwork.grid.GridDemo1"/>
  <system-out/>
  <testcase name="searchDress" time="8.435" classname="classwork.grid.GridDemo1"/>
  <system-out/>
  <testcase name="searchDress" time="8.754" classname="classwork.grid.GridDemo1"/>
  <system-out/>
  <testcase name="searchDress" time="8.567" classname="classwork.grid.GridDemo1"/>
  <system-out/>
  <testcase name="close" time="6.850" classname="classwork.grid.GridDemo1"/>
  <system-out/>
</testsuite> <!-- classwork.grid.GridDemo1 -->
