<?xml version="1.0" encoding="UTF-8"?>
<!-- Generated by org.testng.reporters.JUnitReportReporter -->
<testsuite skipped="0" hostname="Sairam" name="classwork.logging.SearchLogging" tests="6" failures="0" timestamp="2021-01-12T08:46:41 IST" time="48.533" errors="0">
  <testcase name="searchDress" time="7.922" classname="classwork.logging.SearchLogging"/>
  <system-out/>
  <testcase name="searchDress" time="8.073" classname="classwork.logging.SearchLogging"/>
  <system-out/>
  <testcase name="searchDress" time="8.565" classname="classwork.logging.SearchLogging"/>
  <system-out/>
  <testcase name="searchDress" time="8.522" classname="classwork.logging.SearchLogging"/>
  <system-out/>
  <testcase name="searchDress" time="8.750" classname="classwork.logging.SearchLogging"/>
  <system-out/>
  <testcase name="close" time="6.701" classname="classwork.logging.SearchLogging"/>
  <system-out/>
</testsuite> <!-- classwork.logging.SearchLogging -->
