<?xml version="1.0" encoding="UTF-8"?>
<!-- Generated by org.testng.reporters.JUnitReportReporter -->
<testsuite skipped="0" hostname="Sairam" name="classwork.logging.LoggingClass" tests="6" failures="0" timestamp="2021-01-13T07:52:16 IST" time="48.259" errors="0">
  <testcase name="searchDress" time="7.670" classname="classwork.logging.LoggingClass"/>
  <system-out/>
  <testcase name="searchDress" time="8.185" classname="classwork.logging.LoggingClass"/>
  <system-out/>
  <testcase name="searchDress" time="8.577" classname="classwork.logging.LoggingClass"/>
  <system-out/>
  <testcase name="searchDress" time="8.306" classname="classwork.logging.LoggingClass"/>
  <system-out/>
  <testcase name="searchDress" time="8.842" classname="classwork.logging.LoggingClass"/>
  <system-out/>
  <testcase name="close" time="6.679" classname="classwork.logging.LoggingClass"/>
  <system-out/>
</testsuite> <!-- classwork.logging.LoggingClass -->
