<?xml version="1.0" encoding="UTF-8"?>
<!-- Generated by org.testng.reporters.JUnitReportReporter -->
<testsuite skipped="0" hostname="Sairam" name="classwork.profile.UsingFirefoxProfile" tests="1" failures="0" timestamp="2021-01-13T19:37:43 IST" time="27.844" errors="0">
  <testcase name="launch" time="27.844" classname="classwork.profile.UsingFirefoxProfile"/>
  <system-out/>
</testsuite> <!-- classwork.profile.UsingFirefoxProfile -->
